<?xml version="1.0" encoding="UTF-8"?>
<coverage generated="1561354603569" clover="3.2.0">
  <project timestamp="1561354603569" name="All files">
    <metrics statements="67" coveredstatements="21" conditionals="42" coveredconditionals="6" methods="40" coveredmethods="7" elements="149" coveredelements="34" complexity="0" loc="67" ncloc="67" packages="5" files="9" classes="9">
      <package name="src">
        <metrics statements="31" coveredstatements="4" conditionals="25" coveredconditionals="0" methods="19" coveredmethods="1"/>
        <file name="App.js" path="/Users/harshitpareek/Documents/react-app/http-test-react/src/App.js">
          <metrics statements="1" coveredstatements="1" conditionals="0" coveredconditionals="0" methods="1" coveredmethods="1"/>
          <line num="7" count="1" type="stmt"/>
        </file>
        <file name="index.js" path="/Users/harshitpareek/Documents/react-app/http-test-react/src/index.js">
          <metrics statements="11" coveredstatements="0" conditionals="4" coveredconditionals="0" methods="2" coveredmethods="0"/>
          <line num="1" count="0" type="stmt"/>
          <line num="2" count="0" type="stmt"/>
          <line num="3" count="0" type="stmt"/>
          <line num="4" count="0" type="stmt"/>
          <line num="6" count="0" type="cond" truecount="0" falsecount="4"/>
          <line num="8" count="0" type="stmt"/>
          <line num="9" count="0" type="stmt"/>
          <line num="10" count="0" type="stmt"/>
          <line num="13" count="0" type="stmt"/>
          <line num="15" count="0" type="stmt"/>
          <line num="28" count="0" type="stmt"/>
        </file>
        <file name="registerServiceWorker.js" path="/Users/harshitpareek/Documents/react-app/http-test-react/src/registerServiceWorker.js">
          <metrics statements="14" coveredstatements="0" conditionals="21" coveredconditionals="0" methods="14" coveredmethods="0"/>
          <line num="1" count="0" type="stmt"/>
          <line num="21" count="0" type="stmt"/>
          <line num="109" count="0" type="cond" truecount="0" falsecount="3"/>
          <line num="111" count="0" type="cond" truecount="0" falsecount="4"/>
          <line num="112" count="0" type="cond" truecount="0" falsecount="2"/>
          <line num="115" count="0" type="cond" truecount="0" falsecount="2"/>
          <line num="116" count="0" type="stmt"/>
          <line num="117" count="0" type="cond" truecount="0" falsecount="4"/>
          <line num="121" count="0" type="stmt"/>
          <line num="124" count="0" type="stmt"/>
          <line num="125" count="0" type="stmt"/>
          <line num="126" count="0" type="cond" truecount="0" falsecount="4"/>
          <line num="127" count="0" type="stmt"/>
          <line num="128" count="0" type="cond" truecount="0" falsecount="2"/>
        </file>
        <file name="setupTests.js" path="/Users/harshitpareek/Documents/react-app/http-test-react/src/setupTests.js">
          <metrics statements="3" coveredstatements="2" conditionals="0" coveredconditionals="0" methods="1" coveredmethods="0"/>
          <line num="5" count="5" type="stmt"/>
          <line num="7" count="5" type="stmt"/>
          <line num="8" count="0" type="stmt"/>
        </file>
        <file name="tempPolyfills.js" path="/Users/harshitpareek/Documents/react-app/http-test-react/src/tempPolyfills.js">
          <metrics statements="2" coveredstatements="1" conditionals="0" coveredconditionals="0" methods="1" coveredmethods="0"/>
          <line num="1" count="5" type="stmt"/>
          <line num="2" count="0" type="stmt"/>
        </file>
      </package>
      <package name="src.components.FullPost">
        <metrics statements="12" coveredstatements="5" conditionals="15" coveredconditionals="5" methods="5" coveredmethods="1"/>
        <file name="FullPost.js" path="/Users/harshitpareek/Documents/react-app/http-test-react/src/components/FullPost/FullPost.js">
          <metrics statements="12" coveredstatements="5" conditionals="15" coveredconditionals="5" methods="5" coveredmethods="1"/>
          <line num="14" count="0" type="cond" truecount="0" falsecount="2"/>
          <line num="15" count="0" type="cond" truecount="0" falsecount="5"/>
          <line num="16" count="0" type="stmt"/>
          <line num="19" count="0" type="stmt"/>
          <line num="29" count="0" type="stmt"/>
          <line num="32" count="0" type="stmt"/>
          <line num="39" count="2" type="stmt"/>
          <line num="40" count="2" type="cond" truecount="3" falsecount="1"/>
          <line num="41" count="2" type="stmt"/>
          <line num="43" count="2" type="cond" truecount="2" falsecount="2"/>
          <line num="44" count="0" type="stmt"/>
          <line num="57" count="2" type="stmt"/>
        </file>
      </package>
      <package name="src.components.NewPost">
        <metrics statements="8" coveredstatements="1" conditionals="0" coveredconditionals="0" methods="7" coveredmethods="1"/>
        <file name="NewPost.js" path="/Users/harshitpareek/Documents/react-app/http-test-react/src/components/NewPost/NewPost.js">
          <metrics statements="8" coveredstatements="1" conditionals="0" coveredconditionals="0" methods="7" coveredmethods="1"/>
          <line num="14" count="0" type="stmt"/>
          <line num="20" count="0" type="stmt"/>
          <line num="23" count="0" type="stmt"/>
          <line num="26" count="0" type="stmt"/>
          <line num="31" count="1" type="stmt"/>
          <line num="35" count="0" type="stmt"/>
          <line num="37" count="0" type="stmt"/>
          <line num="39" count="0" type="stmt"/>
        </file>
      </package>
      <package name="src.components.Post">
        <metrics statements="3" coveredstatements="3" conditionals="0" coveredconditionals="0" methods="1" coveredmethods="1"/>
        <file name="Post.js" path="/Users/harshitpareek/Documents/react-app/http-test-react/src/components/Post/Post.js">
          <metrics statements="3" coveredstatements="3" conditionals="0" coveredconditionals="0" methods="1" coveredmethods="1"/>
          <line num="5" count="3" type="stmt"/>
          <line num="6" count="1" type="stmt"/>
          <line num="7" count="1" type="stmt"/>
        </file>
      </package>
      <package name="src.containers.Blog">
        <metrics statements="13" coveredstatements="8" conditionals="2" coveredconditionals="1" methods="8" coveredmethods="3"/>
        <file name="Blog.js" path="/Users/harshitpareek/Documents/react-app/http-test-react/src/containers/Blog/Blog.js">
          <metrics statements="13" coveredstatements="8" conditionals="2" coveredconditionals="1" methods="8" coveredmethods="3"/>
          <line num="19" count="1" type="stmt"/>
          <line num="22" count="1" type="stmt"/>
          <line num="23" count="1" type="stmt"/>
          <line num="24" count="0" type="stmt"/>
          <line num="30" count="1" type="stmt"/>
          <line num="37" count="0" type="stmt"/>
          <line num="44" count="0" type="stmt"/>
          <line num="51" count="2" type="stmt"/>
          <line num="53" count="2" type="cond" truecount="1" falsecount="1"/>
          <line num="54" count="2" type="stmt"/>
          <line num="56" count="0" type="stmt"/>
          <line num="59" count="0" type="stmt"/>
          <line num="63" count="2" type="stmt"/>
        </file>
      </package>
    </metrics>
  </project>
</coverage>
